<?xml version="1.0" encoding="UTF-8"?>
<!-- Generated by org.testng.reporters.JUnitReportReporter -->
<testsuite skipped="0" hostname="Resul" name="Campus.CountryTest" tests="5" failures="0" timestamp="2023-05-01T20:36:17 EET" time="3.300" errors="0">
  <testcase name="updateCountry" time="0.467" classname="Campus.CountryTest"/>
  <system-out/>
  <testcase name="deleteCountryNegative" time="0.334" classname="Campus.CountryTest"/>
  <system-out/>
  <testcase name="deleteCountry" time="0.346" classname="Campus.CountryTest"/>
  <system-out/>
  <testcase name="createCountryNegative" time="0.419" classname="Campus.CountryTest"/>
  <system-out/>
  <testcase name="createCountry" time="1.734" classname="Campus.CountryTest"/>
  <system-out/>
</testsuite> <!-- Campus.CountryTest -->
